{"numTotalTestSuites":4,"numPassedTestSuites":0,"numFailedTestSuites":4,"numPendingTestSuites":0,"numTotalTests":2,"numPassedTests":0,"numFailedTests":2,"numPendingTests":0,"numTodoTests":0,"snapshot":{"added":0,"failure":false,"filesAdded":0,"filesRemoved":0,"filesRemovedList":[],"filesUnmatched":0,"filesUpdated":0,"matched":0,"total":0,"unchecked":0,"uncheckedKeysByFile":[],"unmatched":0,"updated":0,"didUpdate":false},"startTime":1772029086343,"success":false,"testResults":[{"assertionResults":[{"ancestorTitles":["finance report api wrappers"],"fullName":"finance report api wrappers calls AR aging endpoint with query params","status":"failed","title":"calls AR aging endpoint with query params","duration":8.416899999999941,"failureMessages":["TypeError: window.localStorage.getItem is not a function\n    at authHeaders (E:\\NEXA PLATFORM\\apps\\web\\lib\\api.ts:74:69)\n    at apiRequest (E:\\NEXA PLATFORM\\apps\\web\\lib\\api.ts:96:16)\n    at getFinanceArAging (E:\\NEXA PLATFORM\\apps\\web\\lib\\api.ts:546:10)\n    at E:\\NEXA PLATFORM\\apps\\web\\lib\\api.finance.test.ts:18:24\n    at file:///E:/NEXA%20PLATFORM/node_modules/.pnpm/@vitest+runner@3.2.4/node_modules/@vitest/runner/dist/chunk-hooks.js:155:11\n    at file:///E:/NEXA%20PLATFORM/node_modules/.pnpm/@vitest+runner@3.2.4/node_modules/@vitest/runner/dist/chunk-hooks.js:752:26\n    at file:///E:/NEXA%20PLATFORM/node_modules/.pnpm/@vitest+runner@3.2.4/node_modules/@vitest/runner/dist/chunk-hooks.js:1897:20\n    at new Promise (<anonymous>)\n    at runWithTimeout (file:///E:/NEXA%20PLATFORM/node_modules/.pnpm/@vitest+runner@3.2.4/node_modules/@vitest/runner/dist/chunk-hooks.js:1863:10)\n    at runTest (file:///E:/NEXA%20PLATFORM/node_modules/.pnpm/@vitest+runner@3.2.4/node_modules/@vitest/runner/dist/chunk-hooks.js:1574:12)"],"meta":{}}],"startTime":1772029088240,"endTime":1772029088248.417,"status":"failed","message":"","name":"E:/NEXA PLATFORM/apps/web/lib/api.finance.test.ts"},{"assertionResults":[{"ancestorTitles":["Finance page"],"fullName":"Finance page renders finance reporting title","status":"failed","title":"renders finance reporting title","duration":23.733600000000024,"failureMessages":["ReferenceError: React is not defined\n    at FinancePage (E:\\NEXA PLATFORM\\apps\\web\\app\\finance\\page.tsx:23:3)\n    at Object.react_stack_bottom_frame (E:\\NEXA PLATFORM\\node_modules\\.pnpm\\react-dom@19.2.4_react@19.2.4\\node_modules\\react-dom\\cjs\\react-dom-client.development.js:25904:20)\n    at renderWithHooks (E:\\NEXA PLATFORM\\node_modules\\.pnpm\\react-dom@19.2.4_react@19.2.4\\node_modules\\react-dom\\cjs\\react-dom-client.development.js:7662:22)\n    at updateFunctionComponent (E:\\NEXA PLATFORM\\node_modules\\.pnpm\\react-dom@19.2.4_react@19.2.4\\node_modules\\react-dom\\cjs\\react-dom-client.development.js:10166:19)\n    at beginWork (E:\\NEXA PLATFORM\\node_modules\\.pnpm\\react-dom@19.2.4_react@19.2.4\\node_modules\\react-dom\\cjs\\react-dom-client.development.js:11778:18)\n    at runWithFiberInDEV (E:\\NEXA PLATFORM\\node_modules\\.pnpm\\react-dom@19.2.4_react@19.2.4\\node_modules\\react-dom\\cjs\\react-dom-client.development.js:874:13)\n    at performUnitOfWork (E:\\NEXA PLATFORM\\node_modules\\.pnpm\\react-dom@19.2.4_react@19.2.4\\node_modules\\react-dom\\cjs\\react-dom-client.development.js:17641:22)\n    at workLoopSync (E:\\NEXA PLATFORM\\node_modules\\.pnpm\\react-dom@19.2.4_react@19.2.4\\node_modules\\react-dom\\cjs\\react-dom-client.development.js:17469:41)\n    at renderRootSync (E:\\NEXA PLATFORM\\node_modules\\.pnpm\\react-dom@19.2.4_react@19.2.4\\node_modules\\react-dom\\cjs\\react-dom-client.development.js:17450:11)\n    at performWorkOnRoot (E:\\NEXA PLATFORM\\node_modules\\.pnpm\\react-dom@19.2.4_react@19.2.4\\node_modules\\react-dom\\cjs\\react-dom-client.development.js:16583:35)"],"meta":{}}],"startTime":1772029088553,"endTime":1772029088576.7336,"status":"failed","message":"","name":"E:/NEXA PLATFORM/apps/web/app/finance/page.test.ts"}]}