{"numTotalTestSuites":2,"numPassedTestSuites":2,"numFailedTestSuites":0,"numPendingTestSuites":0,"numTotalTests":10,"numPassedTests":10,"numFailedTests":0,"numPendingTests":0,"numTodoTests":0,"snapshot":{"added":0,"failure":false,"filesAdded":0,"filesRemoved":0,"filesRemovedList":[],"filesUnmatched":0,"filesUpdated":0,"matched":0,"total":0,"unchecked":0,"uncheckedKeysByFile":[],"unmatched":0,"updated":0,"didUpdate":false},"startTime":1772033537686,"success":true,"testResults":[{"assertionResults":[{"ancestorTitles":["Sales routes smoke"],"fullName":"Sales routes smoke renders sales hub","status":"passed","title":"renders sales hub","duration":36.6268,"failureMessages":[],"meta":{}},{"ancestorTitles":["Sales routes smoke"],"fullName":"Sales routes smoke renders products page","status":"passed","title":"renders products page","duration":15.605399999999918,"failureMessages":[],"meta":{}},{"ancestorTitles":["Sales routes smoke"],"fullName":"Sales routes smoke renders pricebooks page","status":"passed","title":"renders pricebooks page","duration":11.100300000000061,"failureMessages":[],"meta":{}},{"ancestorTitles":["Sales routes smoke"],"fullName":"Sales routes smoke renders pricebook detail page","status":"passed","title":"renders pricebook detail page","duration":13.716200000000299,"failureMessages":[],"meta":{}},{"ancestorTitles":["Sales routes smoke"],"fullName":"Sales routes smoke renders quotes page","status":"passed","title":"renders quotes page","duration":10.277599999999893,"failureMessages":[],"meta":{}},{"ancestorTitles":["Sales routes smoke"],"fullName":"Sales routes smoke renders quote detail page","status":"passed","title":"renders quote detail page","duration":14.462200000000394,"failureMessages":[],"meta":{}},{"ancestorTitles":["Sales routes smoke"],"fullName":"Sales routes smoke renders orders page","status":"passed","title":"renders orders page","duration":9.222999999999956,"failureMessages":[],"meta":{}},{"ancestorTitles":["Sales routes smoke"],"fullName":"Sales routes smoke renders order detail page","status":"passed","title":"renders order detail page","duration":11.314400000000205,"failureMessages":[],"meta":{}},{"ancestorTitles":["Sales routes smoke"],"fullName":"Sales routes smoke renders contracts page","status":"passed","title":"renders contracts page","duration":9.379599999999755,"failureMessages":[],"meta":{}},{"ancestorTitles":["Sales routes smoke"],"fullName":"Sales routes smoke renders contract detail page","status":"passed","title":"renders contract detail page","duration":8.602599999999711,"failureMessages":[],"meta":{}}],"startTime":1772033540169,"endTime":1772033540309.6025,"status":"passed","message":"","name":"E:/NEXA PLATFORM/apps/web/app/sales/routes.smoke.test.ts"}]}