{"numTotalTestSuites":4,"numPassedTestSuites":4,"numFailedTestSuites":0,"numPendingTestSuites":0,"numTotalTests":11,"numPassedTests":11,"numFailedTests":0,"numPendingTests":0,"numTodoTests":0,"snapshot":{"added":0,"failure":false,"filesAdded":0,"filesRemoved":0,"filesRemovedList":[],"filesUnmatched":0,"filesUpdated":0,"matched":0,"total":0,"unchecked":0,"uncheckedKeysByFile":[],"unmatched":0,"updated":0,"didUpdate":false},"startTime":1772033564756,"success":true,"testResults":[{"assertionResults":[{"ancestorTitles":["Sales quote flow"],"fullName":"Sales quote flow creates quote then adds line accepts and creates order","status":"passed","title":"creates quote then adds line accepts and creates order","duration":764.9097000000002,"failureMessages":[],"meta":{}}],"startTime":1772033567653,"endTime":1772033568417.9097,"status":"passed","message":"","name":"E:/NEXA PLATFORM/apps/web/app/sales/quotes.flow.test.ts"},{"assertionResults":[{"ancestorTitles":["Sales routes smoke"],"fullName":"Sales routes smoke renders sales hub","status":"passed","title":"renders sales hub","duration":43.77400000000034,"failureMessages":[],"meta":{}},{"ancestorTitles":["Sales routes smoke"],"fullName":"Sales routes smoke renders products page","status":"passed","title":"renders products page","duration":23.41780000000017,"failureMessages":[],"meta":{}},{"ancestorTitles":["Sales routes smoke"],"fullName":"Sales routes smoke renders pricebooks page","status":"passed","title":"renders pricebooks page","duration":16.025199999999586,"failureMessages":[],"meta":{}},{"ancestorTitles":["Sales routes smoke"],"fullName":"Sales routes smoke renders pricebook detail page","status":"passed","title":"renders pricebook detail page","duration":14.91780000000017,"failureMessages":[],"meta":{}},{"ancestorTitles":["Sales routes smoke"],"fullName":"Sales routes smoke renders quotes page","status":"passed","title":"renders quotes page","duration":10.848700000000008,"failureMessages":[],"meta":{}},{"ancestorTitles":["Sales routes smoke"],"fullName":"Sales routes smoke renders quote detail page","status":"passed","title":"renders quote detail page","duration":18.00559999999996,"failureMessages":[],"meta":{}},{"ancestorTitles":["Sales routes smoke"],"fullName":"Sales routes smoke renders orders page","status":"passed","title":"renders orders page","duration":12.656100000000151,"failureMessages":[],"meta":{}},{"ancestorTitles":["Sales routes smoke"],"fullName":"Sales routes smoke renders order detail page","status":"passed","title":"renders order detail page","duration":16.823300000000017,"failureMessages":[],"meta":{}},{"ancestorTitles":["Sales routes smoke"],"fullName":"Sales routes smoke renders contracts page","status":"passed","title":"renders contracts page","duration":12.122299999999996,"failureMessages":[],"meta":{}},{"ancestorTitles":["Sales routes smoke"],"fullName":"Sales routes smoke renders contract detail page","status":"passed","title":"renders contract detail page","duration":9.966199999999844,"failureMessages":[],"meta":{}}],"startTime":1772033567487,"endTime":1772033567665.9663,"status":"passed","message":"","name":"E:/NEXA PLATFORM/apps/web/app/sales/routes.smoke.test.ts"}]}