{"numTotalTestSuites":4,"numPassedTestSuites":4,"numFailedTestSuites":0,"numPendingTestSuites":0,"numTotalTests":2,"numPassedTests":2,"numFailedTests":0,"numPendingTests":0,"numTodoTests":0,"snapshot":{"added":0,"failure":false,"filesAdded":0,"filesRemoved":0,"filesRemovedList":[],"filesUnmatched":0,"filesUpdated":0,"matched":0,"total":0,"unchecked":0,"uncheckedKeysByFile":[],"unmatched":0,"updated":0,"didUpdate":false},"startTime":1772029139685,"success":true,"testResults":[{"assertionResults":[{"ancestorTitles":["finance report api wrappers"],"fullName":"finance report api wrappers calls AR aging endpoint with query params","status":"passed","title":"calls AR aging endpoint with query params","duration":5.960499999999911,"failureMessages":[],"meta":{}}],"startTime":1772029141610,"endTime":1772029141615.9604,"status":"passed","message":"","name":"E:/NEXA PLATFORM/apps/web/lib/api.finance.test.ts"},{"assertionResults":[{"ancestorTitles":["Finance page"],"fullName":"Finance page renders finance reporting title","status":"passed","title":"renders finance reporting title","duration":35.14730000000009,"failureMessages":[],"meta":{}}],"startTime":1772029141922,"endTime":1772029141957.1472,"status":"passed","message":"","name":"E:/NEXA PLATFORM/apps/web/app/finance/page.test.ts"}]}