{"numTotalTestSuites":2,"numPassedTestSuites":2,"numFailedTestSuites":0,"numPendingTestSuites":0,"numTotalTests":1,"numPassedTests":1,"numFailedTests":0,"numPendingTests":0,"numTodoTests":0,"snapshot":{"added":0,"failure":false,"filesAdded":0,"filesRemoved":0,"filesRemovedList":[],"filesUnmatched":0,"filesUpdated":0,"matched":0,"total":0,"unchecked":0,"uncheckedKeysByFile":[],"unmatched":0,"updated":0,"didUpdate":false},"startTime":1772033516510,"success":true,"testResults":[{"assertionResults":[{"ancestorTitles":["Sales quote flow"],"fullName":"Sales quote flow creates quote then adds line accepts and creates order","status":"passed","title":"creates quote then adds line accepts and creates order","duration":763.8187000000003,"failureMessages":[],"meta":{}}],"startTime":1772033519540,"endTime":1772033520303.8186,"status":"passed","message":"","name":"E:/NEXA PLATFORM/apps/web/app/sales/quotes.flow.test.ts"}]}